<?xml version="1.0" encoding="UTF-8"?>
<!-- Generated by org.testng.reporters.JUnitXMLReporter -->
<testsuite ignored="2" hostname="UE-LT5-DEV-AnilKasture" failures="2" tests="7" name="Parallel Test" time="33.839" errors="0" timestamp="2023-08-14T16:15:44 IST">
  <testcase classname="com.edm_dsm_web.testcases.AdminAccountLoginPageTest" name="loginWithOutLoginID_WithOutPass" time="0.313">
    <failure type="java.lang.AssertionError" message="expected [https://esadmin.energydatametrics.com/Index.aspx] but found [https://esadmin.energydatametrics.com/Account/Login.aspx]">
      <![CDATA[java.lang.AssertionError: expected [https://esadmin.energydatametrics.com/Index.aspx] but found [https://esadmin.energydatametrics.com/Account/Login.aspx]
at com.edm_dsm_web.testcases.AdminAccountLoginPageTest.loginWithOutLoginID_WithOutPass(AdminAccountLoginPageTest.java:44)
at java.base/java.util.concurrent.ThreadPoolExecutor.runWorker(ThreadPoolExecutor.java:1136)
at java.base/java.util.concurrent.ThreadPoolExecutor$Worker.run(ThreadPoolExecutor.java:635)
at java.base/java.lang.Thread.run(Thread.java:833)
... Removed 18 stack frames]]>
    </failure>
  </testcase> <!-- loginWithOutLoginID_WithOutPass -->
  <testcase classname="com.edm_dsm_web.testcases.RsRegistrationtestTest" name="nullDataValidationRsRegistrationStep1Case" time="0.237"/>
  <testcase classname="com.edm_dsm_web.testcases.AdminAccountLoginPageTest" name="loginWithValidLoginID_InvalidPass" time="0.887"/>
  <testcase classname="com.edm_dsm_web.testcases.AdminAccountLoginPageTest" name="loginWithInValidLoginID_validPass" time="0.871"/>
  <testcase classname="com.edm_dsm_web.testcases.AdminAccountLoginPageTest" name="loginWithInValidLoginID_InvalidPass" time="0.768"/>
  <testcase classname="com.edm_dsm_web.testcases.RsRegistrationtestTest" name="RsRegistrationStep1CompleteCase" time="15.377">
    <failure type="java.lang.AssertionError" message="expected [true] but found [false]">
      <![CDATA[java.lang.AssertionError: expected [true] but found [false]
at com.edm_dsm_web.testcases.RsRegistrationtestTest.RsRegistrationStep1CompleteCase(RsRegistrationtestTest.java:59)
at java.base/java.util.concurrent.ThreadPoolExecutor.runWorker(ThreadPoolExecutor.java:1136)
at java.base/java.util.concurrent.ThreadPoolExecutor$Worker.run(ThreadPoolExecutor.java:635)
at java.base/java.lang.Thread.run(Thread.java:833)
... Removed 16 stack frames]]>
    </failure>
  </testcase> <!-- RsRegistrationStep1CompleteCase -->
  <testcase classname="com.edm_dsm_web.testcases.AdminAccountLoginPageTest" name="loginWithValidLoginID_validPass" time="7.862"/>
  <testcase classname="com.edm_dsm_web.base.BaseEDM" name="@BeforeSuite loadConfig" time="0.0">
    <ignored/>
  </testcase> <!-- @BeforeSuite loadConfig -->
  <testcase classname="com.edm_dsm_web.base.BaseEDM" name="@AfterSuite afterSuite" time="0.0">
    <ignored/>
  </testcase> <!-- @AfterSuite afterSuite -->
</testsuite> <!-- Parallel Test -->
